D:\CODING\MERCS\MERCS\DEBUG\MAIN.OBJ
D:\CODING\MERCS\MERCS\DEBUG\VC110.PDB
D:\CODING\MERCS\DEBUG\MERCS.ILK
D:\CODING\MERCS\DEBUG\MERCS.EXE
D:\CODING\MERCS\DEBUG\MERCS.PDB
D:\Coding\Mercs\Mercs\Debug\main.obj
D:\Coding\Mercs\Mercs\Debug\cl.command.1.tlog
D:\Coding\Mercs\Mercs\Debug\CL.read.1.tlog
D:\Coding\Mercs\Mercs\Debug\CL.write.1.tlog
D:\Coding\Mercs\Mercs\Debug\link-cvtres.read.1.tlog
D:\Coding\Mercs\Mercs\Debug\link-cvtres.write.1.tlog
D:\Coding\Mercs\Mercs\Debug\link-rc.read.1.tlog
D:\Coding\Mercs\Mercs\Debug\link-rc.write.1.tlog
D:\Coding\Mercs\Mercs\Debug\link.2116-cvtres.read.1.tlog
D:\Coding\Mercs\Mercs\Debug\link.2116-cvtres.write.1.tlog
D:\Coding\Mercs\Mercs\Debug\link.2116-rc.read.1.tlog
D:\Coding\Mercs\Mercs\Debug\link.2116-rc.write.1.tlog
D:\Coding\Mercs\Mercs\Debug\link.2116.read.1.tlog
D:\Coding\Mercs\Mercs\Debug\link.2116.read.2.tlog
D:\Coding\Mercs\Mercs\Debug\link.2116.write.1.tlog
D:\Coding\Mercs\Mercs\Debug\link.9900-cvtres.read.1.tlog
D:\Coding\Mercs\Mercs\Debug\link.9900-cvtres.write.1.tlog
D:\Coding\Mercs\Mercs\Debug\link.9900-rc.read.1.tlog
D:\Coding\Mercs\Mercs\Debug\link.9900-rc.write.1.tlog
D:\Coding\Mercs\Mercs\Debug\link.9900.read.1.tlog
D:\Coding\Mercs\Mercs\Debug\link.9900.read.2.tlog
D:\Coding\Mercs\Mercs\Debug\link.9900.write.1.tlog
D:\Coding\Mercs\Mercs\Debug\link.command.1.tlog
D:\Coding\Mercs\Mercs\Debug\link.read.1.tlog
D:\Coding\Mercs\Mercs\Debug\link.write.1.tlog
D:\Coding\Mercs\Mercs\Debug\vc110.idb
D:\Coding\Mercs\Mercs\Debug\vc110.pdb
D:\Coding\Mercs\Debug\Mercs.pdb
D:\Coding\Mercs\Debug\Mercs.exe
D:\Coding\Mercs\Debug\Mercs.ilk
